15-Nov-2017 00:32:25.008 INFO [main] org.apache.catalina.startup.VersionLoggerListener.log Server version:        Apache Tomcat/8.5.23
15-Nov-2017 00:32:25.027 INFO [main] org.apache.catalina.startup.VersionLoggerListener.log Server built:          Sep 28 2017 10:30:11 UTC
15-Nov-2017 00:32:25.090 INFO [main] org.apache.catalina.startup.VersionLoggerListener.log Server number:         8.5.23.0
15-Nov-2017 00:32:25.091 INFO [main] org.apache.catalina.startup.VersionLoggerListener.log OS Name:               Windows 10
15-Nov-2017 00:32:25.091 INFO [main] org.apache.catalina.startup.VersionLoggerListener.log OS Version:            10.0
15-Nov-2017 00:32:25.091 INFO [main] org.apache.catalina.startup.VersionLoggerListener.log Architecture:          amd64
15-Nov-2017 00:32:25.092 INFO [main] org.apache.catalina.startup.VersionLoggerListener.log Java Home:             C:\Program Files\Java\jdk1.8.0_101\jre
15-Nov-2017 00:32:25.092 INFO [main] org.apache.catalina.startup.VersionLoggerListener.log JVM Version:           1.8.0_101-b13
15-Nov-2017 00:32:25.093 INFO [main] org.apache.catalina.startup.VersionLoggerListener.log JVM Vendor:            Oracle Corporation
15-Nov-2017 00:32:25.094 INFO [main] org.apache.catalina.startup.VersionLoggerListener.log CATALINA_BASE:         D:\ITMO\Гибкие методологии\mdt\apache-tomcat-8.5.23
15-Nov-2017 00:32:25.094 INFO [main] org.apache.catalina.startup.VersionLoggerListener.log CATALINA_HOME:         D:\ITMO\Гибкие методологии\mdt\apache-tomcat-8.5.23
15-Nov-2017 00:32:25.095 INFO [main] org.apache.catalina.startup.VersionLoggerListener.log Command line argument: -Djava.util.logging.config.file=D:\ITMO\Гибкие методологии\mdt\apache-tomcat-8.5.23\conf\logging.properties
15-Nov-2017 00:32:25.095 INFO [main] org.apache.catalina.startup.VersionLoggerListener.log Command line argument: -Djava.util.logging.manager=org.apache.juli.ClassLoaderLogManager
15-Nov-2017 00:32:25.099 INFO [main] org.apache.catalina.startup.VersionLoggerListener.log Command line argument: -Djdk.tls.ephemeralDHKeySize=2048
15-Nov-2017 00:32:25.104 INFO [main] org.apache.catalina.startup.VersionLoggerListener.log Command line argument: -Djava.protocol.handler.pkgs=org.apache.catalina.webresources
15-Nov-2017 00:32:25.105 INFO [main] org.apache.catalina.startup.VersionLoggerListener.log Command line argument: -Dcatalina.base=D:\ITMO\Гибкие методологии\mdt\apache-tomcat-8.5.23
15-Nov-2017 00:32:25.106 INFO [main] org.apache.catalina.startup.VersionLoggerListener.log Command line argument: -Dcatalina.home=D:\ITMO\Гибкие методологии\mdt\apache-tomcat-8.5.23
15-Nov-2017 00:32:25.106 INFO [main] org.apache.catalina.startup.VersionLoggerListener.log Command line argument: -Djava.io.tmpdir=D:\ITMO\Гибкие методологии\mdt\apache-tomcat-8.5.23\temp
15-Nov-2017 00:32:25.107 INFO [main] org.apache.catalina.core.AprLifecycleListener.lifecycleEvent The APR based Apache Tomcat Native library which allows optimal performance in production environments was not found on the java.library.path: [C:\Program Files\Java\jdk1.8.0_101\bin;C:\WINDOWS\Sun\Java\bin;C:\WINDOWS\system32;C:\WINDOWS;C:\ProgramData\Oracle\Java\javapath;C:\Python27\;C:\Python27\Scripts;C:\Program Files\Microsoft MPI\Bin\;C:\Program Files (x86)\Intel\iCLS Client\;C:\Program Files\Intel\iCLS Client\;C:\Windows\system32;C:\Windows;C:\Windows\System32\Wbem;C:\Windows\System32\WindowsPowerShell\v1.0\;C:\Program Files\Intel\Intel(R) Management Engine Components\DAL;C:\Program Files (x86)\Intel\Intel(R) Management Engine Components\DAL;C:\Program Files\Intel\Intel(R) Management Engine Components\IPT;C:\Program Files (x86)\Intel\Intel(R) Management Engine Components\IPT;C:\Program Files\Intel\WiFi\bin\;C:\Program Files\Common Files\Intel\WirelessCommon\;C:\Program Files (x86)\NVIDIA Corporation\PhysX\Common;C:\Users\Romansky\.dnx\bin;C:\Program Files\Microsoft DNX\Dnvm\;C:\WINDOWS\system32;C:\WINDOWS;C:\WINDOWS\System32\Wbem;C:\WINDOWS\System32\WindowsPowerShell\v1.0\;C:\Program Files (x86)\Windows Kits\8.1\Windows Performance Toolkit\;C:\Program Files (x86)\Plantronics\Spokes3G\;C:\Program Files\Git\cmd;C:\Program Files\Git LFS;C:\Program Files\TortoiseGit\bin;C:\Program Files (x86)\Skype\Phone\;C:\Program Files\nodejs\;D:\Soft\apache-maven-3.5.2\bin;C:\Program Files\Java\jdk1.8.0_101\bin;C:\Program Files (x86)\Nmap;C:\Users\Romansky\AppData\Roaming\npm;C:\Program Files\Java\jdk1.8.0_101\bin;.]
15-Nov-2017 00:32:26.132 INFO [main] org.apache.coyote.AbstractProtocol.init Initializing ProtocolHandler ["http-nio-8080"]
15-Nov-2017 00:32:27.282 INFO [main] org.apache.tomcat.util.net.NioSelectorPool.getSharedSelector Using a shared selector for servlet write/read
15-Nov-2017 00:32:27.375 INFO [main] org.apache.coyote.AbstractProtocol.init Initializing ProtocolHandler ["ajp-nio-8009"]
15-Nov-2017 00:32:27.386 INFO [main] org.apache.tomcat.util.net.NioSelectorPool.getSharedSelector Using a shared selector for servlet write/read
15-Nov-2017 00:32:27.387 INFO [main] org.apache.catalina.startup.Catalina.load Initialization processed in 8446 ms
15-Nov-2017 00:32:27.730 INFO [main] org.apache.catalina.core.StandardService.startInternal Starting service [Catalina]
15-Nov-2017 00:32:27.731 INFO [main] org.apache.catalina.core.StandardEngine.startInternal Starting Servlet Engine: Apache Tomcat/8.5.23
15-Nov-2017 00:32:27.812 INFO [localhost-startStop-1] org.apache.catalina.startup.HostConfig.deployDirectory Deploying web application directory [D:\ITMO\Гибкие методологии\mdt\apache-tomcat-8.5.23\webapps\docs]
15-Nov-2017 00:32:31.842 INFO [localhost-startStop-1] org.apache.catalina.startup.HostConfig.deployDirectory Deployment of web application directory [D:\ITMO\Гибкие методологии\mdt\apache-tomcat-8.5.23\webapps\docs] has finished in [4,030] ms
15-Nov-2017 00:32:31.843 INFO [localhost-startStop-1] org.apache.catalina.startup.HostConfig.deployDirectory Deploying web application directory [D:\ITMO\Гибкие методологии\mdt\apache-tomcat-8.5.23\webapps\examples]
15-Nov-2017 00:32:37.477 INFO [localhost-startStop-1] org.apache.catalina.startup.HostConfig.deployDirectory Deployment of web application directory [D:\ITMO\Гибкие методологии\mdt\apache-tomcat-8.5.23\webapps\examples] has finished in [5,634] ms
15-Nov-2017 00:32:37.478 INFO [localhost-startStop-1] org.apache.catalina.startup.HostConfig.deployDirectory Deploying web application directory [D:\ITMO\Гибкие методологии\mdt\apache-tomcat-8.5.23\webapps\host-manager]
15-Nov-2017 00:32:37.706 INFO [localhost-startStop-1] org.apache.catalina.startup.HostConfig.deployDirectory Deployment of web application directory [D:\ITMO\Гибкие методологии\mdt\apache-tomcat-8.5.23\webapps\host-manager] has finished in [228] ms
15-Nov-2017 00:32:37.707 INFO [localhost-startStop-1] org.apache.catalina.startup.HostConfig.deployDirectory Deploying web application directory [D:\ITMO\Гибкие методологии\mdt\apache-tomcat-8.5.23\webapps\manager]
15-Nov-2017 00:32:37.761 INFO [localhost-startStop-1] org.apache.catalina.startup.HostConfig.deployDirectory Deployment of web application directory [D:\ITMO\Гибкие методологии\mdt\apache-tomcat-8.5.23\webapps\manager] has finished in [55] ms
15-Nov-2017 00:32:37.763 INFO [localhost-startStop-1] org.apache.catalina.startup.HostConfig.deployDirectory Deploying web application directory [D:\ITMO\Гибкие методологии\mdt\apache-tomcat-8.5.23\webapps\ROOT]
15-Nov-2017 00:32:37.989 INFO [localhost-startStop-1] org.apache.catalina.startup.HostConfig.deployDirectory Deployment of web application directory [D:\ITMO\Гибкие методологии\mdt\apache-tomcat-8.5.23\webapps\ROOT] has finished in [226] ms
15-Nov-2017 00:32:38.000 INFO [main] org.apache.coyote.AbstractProtocol.start Starting ProtocolHandler ["http-nio-8080"]
15-Nov-2017 00:32:38.022 INFO [main] org.apache.coyote.AbstractProtocol.start Starting ProtocolHandler ["ajp-nio-8009"]
15-Nov-2017 00:32:38.031 INFO [main] org.apache.catalina.startup.Catalina.start Server startup in 10643 ms
15-Nov-2017 00:35:18.246 INFO [localhost-startStop-2] org.apache.catalina.startup.HostConfig.deployWAR Deploying web application archive [D:\ITMO\Гибкие методологии\mdt\apache-tomcat-8.5.23\webapps\mdt-1.0-SNAPSHOT.war]
15-Nov-2017 00:35:22.349 INFO [localhost-startStop-2] org.apache.jasper.servlet.TldScanner.scanJars At least one JAR was scanned for TLDs yet contained no TLDs. Enable debug logging for this logger for a complete list of JARs that were scanned but no TLDs were found in them. Skipping unneeded JARs during scanning can improve startup time and JSP compilation time.
15-Nov-2017 00:35:25.806 INFO [localhost-startStop-2] org.hibernate.jpa.internal.util.LogHelper.logPersistenceUnitInformation HHH000204: Processing PersistenceUnitInfo [
	name: default
	...]
15-Nov-2017 00:35:26.240 INFO [localhost-startStop-2] org.hibernate.Version.logVersion HHH000412: Hibernate Core {5.2.10.Final}
15-Nov-2017 00:35:26.247 INFO [localhost-startStop-2] org.hibernate.cfg.Environment.<clinit> HHH000206: hibernate.properties not found
15-Nov-2017 00:35:26.621 INFO [localhost-startStop-2] org.hibernate.annotations.common.reflection.java.JavaReflectionManager.<clinit> HCANN000001: Hibernate Commons Annotations {5.0.1.Final}
15-Nov-2017 00:35:28.359 INFO [localhost-startStop-2] org.hibernate.dialect.Dialect.<init> HHH000400: Using dialect: org.hibernate.dialect.H2Dialect
15-Nov-2017 00:35:35.611 INFO [localhost-startStop-2] org.apache.catalina.startup.HostConfig.deployWAR Deployment of web application archive [D:\ITMO\Гибкие методологии\mdt\apache-tomcat-8.5.23\webapps\mdt-1.0-SNAPSHOT.war] has finished in [17,366] ms
15-Nov-2017 00:44:56.102 INFO [localhost-startStop-3] org.apache.catalina.startup.HostConfig.deployWAR Deploying web application archive [D:\ITMO\Гибкие методологии\mdt\apache-tomcat-8.5.23\webapps\mdt.war]
15-Nov-2017 00:45:00.834 INFO [localhost-startStop-3] org.apache.jasper.servlet.TldScanner.scanJars At least one JAR was scanned for TLDs yet contained no TLDs. Enable debug logging for this logger for a complete list of JARs that were scanned but no TLDs were found in them. Skipping unneeded JARs during scanning can improve startup time and JSP compilation time.
15-Nov-2017 00:45:05.146 INFO [localhost-startStop-3] org.hibernate.jpa.internal.util.LogHelper.logPersistenceUnitInformation HHH000204: Processing PersistenceUnitInfo [
	name: default
	...]
15-Nov-2017 00:45:05.599 INFO [localhost-startStop-3] org.hibernate.Version.logVersion HHH000412: Hibernate Core {5.2.10.Final}
15-Nov-2017 00:45:05.607 INFO [localhost-startStop-3] org.hibernate.cfg.Environment.<clinit> HHH000206: hibernate.properties not found
15-Nov-2017 00:45:05.821 INFO [localhost-startStop-3] org.hibernate.annotations.common.reflection.java.JavaReflectionManager.<clinit> HCANN000001: Hibernate Commons Annotations {5.0.1.Final}
15-Nov-2017 00:45:07.292 INFO [localhost-startStop-3] org.hibernate.dialect.Dialect.<init> HHH000400: Using dialect: org.hibernate.dialect.H2Dialect
15-Nov-2017 00:45:13.747 INFO [localhost-startStop-3] org.apache.catalina.startup.HostConfig.deployWAR Deployment of web application archive [D:\ITMO\Гибкие методологии\mdt\apache-tomcat-8.5.23\webapps\mdt.war] has finished in [17,645] ms
15-Nov-2017 00:45:24.253 INFO [ContainerBackgroundProcessor[StandardEngine[Catalina]]] org.apache.catalina.startup.HostConfig.undeploy Undeploying context [/mdt-1.0-SNAPSHOT]
15-Nov-2017 00:45:24.286 WARNING [ContainerBackgroundProcessor[StandardEngine[Catalina]]] org.apache.catalina.loader.WebappClassLoaderBase.clearReferencesJdbc The web application [mdt-1.0-SNAPSHOT] registered the JDBC driver [org.h2.Driver] but failed to unregister it when the web application was stopped. To prevent a memory leak, the JDBC Driver has been forcibly unregistered.
15-Nov-2017 00:53:32.818 INFO [http-nio-8080-exec-16] org.hibernate.hql.internal.QueryTranslatorFactoryInitiator.initiateService HHH000397: Using ASTQueryTranslatorFactory
15-Nov-2017 01:28:56.628 INFO [ContainerBackgroundProcessor[StandardEngine[Catalina]]] org.apache.catalina.startup.HostConfig.undeploy Undeploying context [/mdt]
15-Nov-2017 01:28:56.643 WARNING [ContainerBackgroundProcessor[StandardEngine[Catalina]]] org.apache.catalina.loader.WebappClassLoaderBase.clearReferencesJdbc The web application [mdt] registered the JDBC driver [org.h2.Driver] but failed to unregister it when the web application was stopped. To prevent a memory leak, the JDBC Driver has been forcibly unregistered.
15-Nov-2017 01:28:56.697 INFO [localhost-startStop-4] org.apache.catalina.startup.HostConfig.deployWAR Deploying web application archive [D:\ITMO\Гибкие методологии\mdt\apache-tomcat-8.5.23\webapps\mdt.war]
15-Nov-2017 01:28:59.292 INFO [localhost-startStop-4] org.apache.jasper.servlet.TldScanner.scanJars At least one JAR was scanned for TLDs yet contained no TLDs. Enable debug logging for this logger for a complete list of JARs that were scanned but no TLDs were found in them. Skipping unneeded JARs during scanning can improve startup time and JSP compilation time.
15-Nov-2017 01:29:01.663 INFO [localhost-startStop-4] org.hibernate.jpa.internal.util.LogHelper.logPersistenceUnitInformation HHH000204: Processing PersistenceUnitInfo [
	name: default
	...]
15-Nov-2017 01:29:01.921 INFO [localhost-startStop-4] org.hibernate.Version.logVersion HHH000412: Hibernate Core {5.2.10.Final}
15-Nov-2017 01:29:01.923 INFO [localhost-startStop-4] org.hibernate.cfg.Environment.<clinit> HHH000206: hibernate.properties not found
15-Nov-2017 01:29:02.089 INFO [localhost-startStop-4] org.hibernate.annotations.common.reflection.java.JavaReflectionManager.<clinit> HCANN000001: Hibernate Commons Annotations {5.0.1.Final}
15-Nov-2017 01:29:03.061 INFO [localhost-startStop-4] org.hibernate.dialect.Dialect.<init> HHH000400: Using dialect: org.hibernate.dialect.H2Dialect
15-Nov-2017 01:29:09.378 INFO [localhost-startStop-4] org.apache.catalina.startup.HostConfig.deployWAR Deployment of web application archive [D:\ITMO\Гибкие методологии\mdt\apache-tomcat-8.5.23\webapps\mdt.war] has finished in [12,680] ms
15-Nov-2017 01:50:02.198 INFO [http-nio-8080-exec-24] org.hibernate.hql.internal.QueryTranslatorFactoryInitiator.initiateService HHH000397: Using ASTQueryTranslatorFactory
