12-Dec-2017 22:50:01.797 INFO [main] org.apache.catalina.startup.VersionLoggerListener.log Server version:        Apache Tomcat/8.5.23
12-Dec-2017 22:50:01.859 INFO [main] org.apache.catalina.startup.VersionLoggerListener.log Server built:          Sep 28 2017 10:30:11 UTC
12-Dec-2017 22:50:01.859 INFO [main] org.apache.catalina.startup.VersionLoggerListener.log Server number:         8.5.23.0
12-Dec-2017 22:50:01.859 INFO [main] org.apache.catalina.startup.VersionLoggerListener.log OS Name:               Windows 10
12-Dec-2017 22:50:01.859 INFO [main] org.apache.catalina.startup.VersionLoggerListener.log OS Version:            10.0
12-Dec-2017 22:50:01.859 INFO [main] org.apache.catalina.startup.VersionLoggerListener.log Architecture:          amd64
12-Dec-2017 22:50:01.875 INFO [main] org.apache.catalina.startup.VersionLoggerListener.log Java Home:             C:\Program Files\Java\jdk1.8.0_101\jre
12-Dec-2017 22:50:01.875 INFO [main] org.apache.catalina.startup.VersionLoggerListener.log JVM Version:           1.8.0_101-b13
12-Dec-2017 22:50:01.875 INFO [main] org.apache.catalina.startup.VersionLoggerListener.log JVM Vendor:            Oracle Corporation
12-Dec-2017 22:50:01.875 INFO [main] org.apache.catalina.startup.VersionLoggerListener.log CATALINA_BASE:         D:\ITMO\Гибкие методологии\mdt\apache-tomcat-8.5.23
12-Dec-2017 22:50:01.875 INFO [main] org.apache.catalina.startup.VersionLoggerListener.log CATALINA_HOME:         D:\ITMO\Гибкие методологии\mdt\apache-tomcat-8.5.23
12-Dec-2017 22:50:01.875 INFO [main] org.apache.catalina.startup.VersionLoggerListener.log Command line argument: -Djava.util.logging.config.file=D:\ITMO\Гибкие методологии\mdt\apache-tomcat-8.5.23\conf\logging.properties
12-Dec-2017 22:50:01.875 INFO [main] org.apache.catalina.startup.VersionLoggerListener.log Command line argument: -Djava.util.logging.manager=org.apache.juli.ClassLoaderLogManager
12-Dec-2017 22:50:01.875 INFO [main] org.apache.catalina.startup.VersionLoggerListener.log Command line argument: -Djdk.tls.ephemeralDHKeySize=2048
12-Dec-2017 22:50:01.875 INFO [main] org.apache.catalina.startup.VersionLoggerListener.log Command line argument: -Djava.protocol.handler.pkgs=org.apache.catalina.webresources
12-Dec-2017 22:50:01.875 INFO [main] org.apache.catalina.startup.VersionLoggerListener.log Command line argument: -Dcatalina.base=D:\ITMO\Гибкие методологии\mdt\apache-tomcat-8.5.23
12-Dec-2017 22:50:01.875 INFO [main] org.apache.catalina.startup.VersionLoggerListener.log Command line argument: -Dcatalina.home=D:\ITMO\Гибкие методологии\mdt\apache-tomcat-8.5.23
12-Dec-2017 22:50:01.875 INFO [main] org.apache.catalina.startup.VersionLoggerListener.log Command line argument: -Djava.io.tmpdir=D:\ITMO\Гибкие методологии\mdt\apache-tomcat-8.5.23\temp
12-Dec-2017 22:50:01.875 INFO [main] org.apache.catalina.core.AprLifecycleListener.lifecycleEvent The APR based Apache Tomcat Native library which allows optimal performance in production environments was not found on the java.library.path: [C:\Program Files\Java\jdk1.8.0_101\bin;C:\WINDOWS\Sun\Java\bin;C:\WINDOWS\system32;C:\WINDOWS;C:\ProgramData\Oracle\Java\javapath;C:\Python27\;C:\Python27\Scripts;C:\Program Files\Microsoft MPI\Bin\;C:\Program Files (x86)\Intel\iCLS Client\;C:\Program Files\Intel\iCLS Client\;C:\Windows\system32;C:\Windows;C:\Windows\System32\Wbem;C:\Windows\System32\WindowsPowerShell\v1.0\;C:\Program Files\Intel\Intel(R) Management Engine Components\DAL;C:\Program Files (x86)\Intel\Intel(R) Management Engine Components\DAL;C:\Program Files\Intel\Intel(R) Management Engine Components\IPT;C:\Program Files (x86)\Intel\Intel(R) Management Engine Components\IPT;C:\Program Files\Intel\WiFi\bin\;C:\Program Files\Common Files\Intel\WirelessCommon\;C:\Program Files (x86)\NVIDIA Corporation\PhysX\Common;C:\WINDOWS\system32\config\systemprofile\.dnx\bin;C:\Program Files\Microsoft DNX\Dnvm\;C:\WINDOWS\system32;C:\WINDOWS;C:\WINDOWS\System32\Wbem;C:\WINDOWS\System32\WindowsPowerShell\v1.0\;C:\Program Files (x86)\Windows Kits\8.1\Windows Performance Toolkit\;C:\Program Files (x86)\Plantronics\Spokes3G\;C:\Program Files\Git\cmd;C:\Program Files\Git LFS;C:\Program Files\TortoiseGit\bin;C:\Program Files (x86)\Skype\Phone\;C:\Program Files\nodejs\;D:\Soft\apache-maven-3.5.2\bin;C:\Program Files\Java\jdk1.8.0_101\bin;C:\Program Files (x86)\Nmap;C:\Users\Romansky\AppData\Roaming\npm;C:\Program Files\Java\jdk1.8.0_101\bin;.]
12-Dec-2017 22:50:02.969 INFO [main] org.apache.coyote.AbstractProtocol.init Initializing ProtocolHandler ["http-nio-8080"]
12-Dec-2017 22:50:03.500 INFO [main] org.apache.tomcat.util.net.NioSelectorPool.getSharedSelector Using a shared selector for servlet write/read
12-Dec-2017 22:50:03.532 INFO [main] org.apache.coyote.AbstractProtocol.init Initializing ProtocolHandler ["ajp-nio-8009"]
12-Dec-2017 22:50:03.532 INFO [main] org.apache.tomcat.util.net.NioSelectorPool.getSharedSelector Using a shared selector for servlet write/read
12-Dec-2017 22:50:03.532 INFO [main] org.apache.catalina.startup.Catalina.load Initialization processed in 3470 ms
12-Dec-2017 22:50:03.672 INFO [main] org.apache.catalina.core.StandardService.startInternal Starting service [Catalina]
12-Dec-2017 22:50:03.672 INFO [main] org.apache.catalina.core.StandardEngine.startInternal Starting Servlet Engine: Apache Tomcat/8.5.23
12-Dec-2017 22:50:03.813 INFO [localhost-startStop-1] org.apache.catalina.startup.HostConfig.deployWAR Deploying web application archive [D:\ITMO\Гибкие методологии\mdt\apache-tomcat-8.5.23\webapps\mdt.war]
12-Dec-2017 22:50:07.780 INFO [localhost-startStop-1] org.apache.jasper.servlet.TldScanner.scanJars At least one JAR was scanned for TLDs yet contained no TLDs. Enable debug logging for this logger for a complete list of JARs that were scanned but no TLDs were found in them. Skipping unneeded JARs during scanning can improve startup time and JSP compilation time.
12-Dec-2017 22:50:09.622 INFO [localhost-startStop-1] org.hibernate.jpa.internal.util.LogHelper.logPersistenceUnitInformation HHH000204: Processing PersistenceUnitInfo [
	name: default
	...]
12-Dec-2017 22:50:09.794 INFO [localhost-startStop-1] org.hibernate.Version.logVersion HHH000412: Hibernate Core {5.2.10.Final}
12-Dec-2017 22:50:09.809 INFO [localhost-startStop-1] org.hibernate.cfg.Environment.<clinit> HHH000206: hibernate.properties not found
12-Dec-2017 22:50:09.950 INFO [localhost-startStop-1] org.hibernate.annotations.common.reflection.java.JavaReflectionManager.<clinit> HCANN000001: Hibernate Commons Annotations {5.0.1.Final}
12-Dec-2017 22:50:10.946 INFO [localhost-startStop-1] org.hibernate.dialect.Dialect.<init> HHH000400: Using dialect: org.hibernate.dialect.H2Dialect
12-Dec-2017 22:50:13.581 INFO [localhost-startStop-1] org.apache.catalina.startup.HostConfig.deployWAR Deployment of web application archive [D:\ITMO\Гибкие методологии\mdt\apache-tomcat-8.5.23\webapps\mdt.war] has finished in [9,768] ms
12-Dec-2017 22:50:13.581 INFO [localhost-startStop-1] org.apache.catalina.startup.HostConfig.deployDirectory Deploying web application directory [D:\ITMO\Гибкие методологии\mdt\apache-tomcat-8.5.23\webapps\docs]
12-Dec-2017 22:50:13.643 INFO [localhost-startStop-1] org.apache.catalina.startup.HostConfig.deployDirectory Deployment of web application directory [D:\ITMO\Гибкие методологии\mdt\apache-tomcat-8.5.23\webapps\docs] has finished in [62] ms
12-Dec-2017 22:50:13.643 INFO [localhost-startStop-1] org.apache.catalina.startup.HostConfig.deployDirectory Deploying web application directory [D:\ITMO\Гибкие методологии\mdt\apache-tomcat-8.5.23\webapps\examples]
12-Dec-2017 22:50:14.143 INFO [localhost-startStop-1] org.apache.catalina.startup.HostConfig.deployDirectory Deployment of web application directory [D:\ITMO\Гибкие методологии\mdt\apache-tomcat-8.5.23\webapps\examples] has finished in [500] ms
12-Dec-2017 22:50:14.143 INFO [localhost-startStop-1] org.apache.catalina.startup.HostConfig.deployDirectory Deploying web application directory [D:\ITMO\Гибкие методологии\mdt\apache-tomcat-8.5.23\webapps\host-manager]
12-Dec-2017 22:50:14.190 INFO [localhost-startStop-1] org.apache.catalina.startup.HostConfig.deployDirectory Deployment of web application directory [D:\ITMO\Гибкие методологии\mdt\apache-tomcat-8.5.23\webapps\host-manager] has finished in [47] ms
12-Dec-2017 22:50:14.190 INFO [localhost-startStop-1] org.apache.catalina.startup.HostConfig.deployDirectory Deploying web application directory [D:\ITMO\Гибкие методологии\mdt\apache-tomcat-8.5.23\webapps\manager]
12-Dec-2017 22:50:14.222 INFO [localhost-startStop-1] org.apache.catalina.startup.HostConfig.deployDirectory Deployment of web application directory [D:\ITMO\Гибкие методологии\mdt\apache-tomcat-8.5.23\webapps\manager] has finished in [32] ms
12-Dec-2017 22:50:14.222 INFO [localhost-startStop-1] org.apache.catalina.startup.HostConfig.deployDirectory Deploying web application directory [D:\ITMO\Гибкие методологии\mdt\apache-tomcat-8.5.23\webapps\ROOT]
12-Dec-2017 22:50:14.237 INFO [localhost-startStop-1] org.apache.catalina.startup.HostConfig.deployDirectory Deployment of web application directory [D:\ITMO\Гибкие методологии\mdt\apache-tomcat-8.5.23\webapps\ROOT] has finished in [15] ms
12-Dec-2017 22:50:14.268 INFO [main] org.apache.coyote.AbstractProtocol.start Starting ProtocolHandler ["http-nio-8080"]
12-Dec-2017 22:50:14.284 INFO [main] org.apache.coyote.AbstractProtocol.start Starting ProtocolHandler ["ajp-nio-8009"]
12-Dec-2017 22:50:14.284 INFO [main] org.apache.catalina.startup.Catalina.start Server startup in 10747 ms
12-Dec-2017 23:01:52.442 INFO [http-nio-8080-exec-9] org.hibernate.hql.internal.QueryTranslatorFactoryInitiator.initiateService HHH000397: Using ASTQueryTranslatorFactory
