03-Dec-2017 15:37:31.336 INFO [main] org.apache.catalina.startup.VersionLoggerListener.log Server version:        Apache Tomcat/8.5.23
03-Dec-2017 15:37:31.418 INFO [main] org.apache.catalina.startup.VersionLoggerListener.log Server built:          Sep 28 2017 10:30:11 UTC
03-Dec-2017 15:37:31.430 INFO [main] org.apache.catalina.startup.VersionLoggerListener.log Server number:         8.5.23.0
03-Dec-2017 15:37:31.430 INFO [main] org.apache.catalina.startup.VersionLoggerListener.log OS Name:               Windows 10
03-Dec-2017 15:37:31.430 INFO [main] org.apache.catalina.startup.VersionLoggerListener.log OS Version:            10.0
03-Dec-2017 15:37:31.430 INFO [main] org.apache.catalina.startup.VersionLoggerListener.log Architecture:          amd64
03-Dec-2017 15:37:31.431 INFO [main] org.apache.catalina.startup.VersionLoggerListener.log Java Home:             C:\Program Files\Java\jdk1.8.0_101\jre
03-Dec-2017 15:37:31.431 INFO [main] org.apache.catalina.startup.VersionLoggerListener.log JVM Version:           1.8.0_101-b13
03-Dec-2017 15:37:31.431 INFO [main] org.apache.catalina.startup.VersionLoggerListener.log JVM Vendor:            Oracle Corporation
03-Dec-2017 15:37:31.431 INFO [main] org.apache.catalina.startup.VersionLoggerListener.log CATALINA_BASE:         D:\ITMO\Гибкие методологии\mdt\apache-tomcat-8.5.23
03-Dec-2017 15:37:31.431 INFO [main] org.apache.catalina.startup.VersionLoggerListener.log CATALINA_HOME:         D:\ITMO\Гибкие методологии\mdt\apache-tomcat-8.5.23
03-Dec-2017 15:37:31.431 INFO [main] org.apache.catalina.startup.VersionLoggerListener.log Command line argument: -Djava.util.logging.config.file=D:\ITMO\Гибкие методологии\mdt\apache-tomcat-8.5.23\conf\logging.properties
03-Dec-2017 15:37:31.432 INFO [main] org.apache.catalina.startup.VersionLoggerListener.log Command line argument: -Djava.util.logging.manager=org.apache.juli.ClassLoaderLogManager
03-Dec-2017 15:37:31.432 INFO [main] org.apache.catalina.startup.VersionLoggerListener.log Command line argument: -Djdk.tls.ephemeralDHKeySize=2048
03-Dec-2017 15:37:31.433 INFO [main] org.apache.catalina.startup.VersionLoggerListener.log Command line argument: -Djava.protocol.handler.pkgs=org.apache.catalina.webresources
03-Dec-2017 15:37:31.433 INFO [main] org.apache.catalina.startup.VersionLoggerListener.log Command line argument: -Dcatalina.base=D:\ITMO\Гибкие методологии\mdt\apache-tomcat-8.5.23
03-Dec-2017 15:37:31.434 INFO [main] org.apache.catalina.startup.VersionLoggerListener.log Command line argument: -Dcatalina.home=D:\ITMO\Гибкие методологии\mdt\apache-tomcat-8.5.23
03-Dec-2017 15:37:31.434 INFO [main] org.apache.catalina.startup.VersionLoggerListener.log Command line argument: -Djava.io.tmpdir=D:\ITMO\Гибкие методологии\mdt\apache-tomcat-8.5.23\temp
03-Dec-2017 15:37:31.435 INFO [main] org.apache.catalina.core.AprLifecycleListener.lifecycleEvent The APR based Apache Tomcat Native library which allows optimal performance in production environments was not found on the java.library.path: [C:\Program Files\Java\jdk1.8.0_101\bin;C:\WINDOWS\Sun\Java\bin;C:\WINDOWS\system32;C:\WINDOWS;C:\ProgramData\Oracle\Java\javapath;C:\Python27\;C:\Python27\Scripts;C:\Program Files\Microsoft MPI\Bin\;C:\Program Files (x86)\Intel\iCLS Client\;C:\Program Files\Intel\iCLS Client\;C:\Windows\system32;C:\Windows;C:\Windows\System32\Wbem;C:\Windows\System32\WindowsPowerShell\v1.0\;C:\Program Files\Intel\Intel(R) Management Engine Components\DAL;C:\Program Files (x86)\Intel\Intel(R) Management Engine Components\DAL;C:\Program Files\Intel\Intel(R) Management Engine Components\IPT;C:\Program Files (x86)\Intel\Intel(R) Management Engine Components\IPT;C:\Program Files\Intel\WiFi\bin\;C:\Program Files\Common Files\Intel\WirelessCommon\;C:\Program Files (x86)\NVIDIA Corporation\PhysX\Common;C:\WINDOWS\system32\config\systemprofile\.dnx\bin;C:\Program Files\Microsoft DNX\Dnvm\;C:\WINDOWS\system32;C:\WINDOWS;C:\WINDOWS\System32\Wbem;C:\WINDOWS\System32\WindowsPowerShell\v1.0\;C:\Program Files (x86)\Windows Kits\8.1\Windows Performance Toolkit\;C:\Program Files (x86)\Plantronics\Spokes3G\;C:\Program Files\Git\cmd;C:\Program Files\Git LFS;C:\Program Files\TortoiseGit\bin;C:\Program Files (x86)\Skype\Phone\;C:\Program Files\nodejs\;D:\Soft\apache-maven-3.5.2\bin;C:\Program Files\Java\jdk1.8.0_101\bin;C:\Program Files (x86)\Nmap;C:\Users\Romansky\AppData\Roaming\npm;C:\Program Files\Java\jdk1.8.0_101\bin;.]
03-Dec-2017 15:37:32.438 INFO [main] org.apache.coyote.AbstractProtocol.init Initializing ProtocolHandler ["http-nio-8080"]
03-Dec-2017 15:37:33.080 INFO [main] org.apache.tomcat.util.net.NioSelectorPool.getSharedSelector Using a shared selector for servlet write/read
03-Dec-2017 15:37:33.106 INFO [main] org.apache.coyote.AbstractProtocol.init Initializing ProtocolHandler ["ajp-nio-8009"]
03-Dec-2017 15:37:33.113 INFO [main] org.apache.tomcat.util.net.NioSelectorPool.getSharedSelector Using a shared selector for servlet write/read
03-Dec-2017 15:37:33.114 INFO [main] org.apache.catalina.startup.Catalina.load Initialization processed in 3181 ms
03-Dec-2017 15:37:33.243 INFO [main] org.apache.catalina.core.StandardService.startInternal Starting service [Catalina]
03-Dec-2017 15:37:33.243 INFO [main] org.apache.catalina.core.StandardEngine.startInternal Starting Servlet Engine: Apache Tomcat/8.5.23
03-Dec-2017 15:37:33.313 INFO [localhost-startStop-1] org.apache.catalina.startup.HostConfig.deployWAR Deploying web application archive [D:\ITMO\Гибкие методологии\mdt\apache-tomcat-8.5.23\webapps\mdt.war]
03-Dec-2017 15:37:38.755 INFO [localhost-startStop-1] org.apache.jasper.servlet.TldScanner.scanJars At least one JAR was scanned for TLDs yet contained no TLDs. Enable debug logging for this logger for a complete list of JARs that were scanned but no TLDs were found in them. Skipping unneeded JARs during scanning can improve startup time and JSP compilation time.
03-Dec-2017 15:37:42.029 INFO [localhost-startStop-1] org.hibernate.jpa.internal.util.LogHelper.logPersistenceUnitInformation HHH000204: Processing PersistenceUnitInfo [
	name: default
	...]
03-Dec-2017 15:37:42.317 INFO [localhost-startStop-1] org.hibernate.Version.logVersion HHH000412: Hibernate Core {5.2.10.Final}
03-Dec-2017 15:37:42.324 INFO [localhost-startStop-1] org.hibernate.cfg.Environment.<clinit> HHH000206: hibernate.properties not found
03-Dec-2017 15:37:42.556 INFO [localhost-startStop-1] org.hibernate.annotations.common.reflection.java.JavaReflectionManager.<clinit> HCANN000001: Hibernate Commons Annotations {5.0.1.Final}
03-Dec-2017 15:37:43.715 INFO [localhost-startStop-1] org.hibernate.dialect.Dialect.<init> HHH000400: Using dialect: org.hibernate.dialect.H2Dialect
03-Dec-2017 15:37:47.091 INFO [localhost-startStop-1] org.apache.catalina.startup.HostConfig.deployWAR Deployment of web application archive [D:\ITMO\Гибкие методологии\mdt\apache-tomcat-8.5.23\webapps\mdt.war] has finished in [13,778] ms
03-Dec-2017 15:37:47.093 INFO [localhost-startStop-1] org.apache.catalina.startup.HostConfig.deployDirectory Deploying web application directory [D:\ITMO\Гибкие методологии\mdt\apache-tomcat-8.5.23\webapps\docs]
03-Dec-2017 15:37:47.128 INFO [localhost-startStop-1] org.apache.catalina.startup.HostConfig.deployDirectory Deployment of web application directory [D:\ITMO\Гибкие методологии\mdt\apache-tomcat-8.5.23\webapps\docs] has finished in [35] ms
03-Dec-2017 15:37:47.129 INFO [localhost-startStop-1] org.apache.catalina.startup.HostConfig.deployDirectory Deploying web application directory [D:\ITMO\Гибкие методологии\mdt\apache-tomcat-8.5.23\webapps\examples]
03-Dec-2017 15:37:47.580 INFO [localhost-startStop-1] org.apache.catalina.startup.HostConfig.deployDirectory Deployment of web application directory [D:\ITMO\Гибкие методологии\mdt\apache-tomcat-8.5.23\webapps\examples] has finished in [451] ms
03-Dec-2017 15:37:47.581 INFO [localhost-startStop-1] org.apache.catalina.startup.HostConfig.deployDirectory Deploying web application directory [D:\ITMO\Гибкие методологии\mdt\apache-tomcat-8.5.23\webapps\host-manager]
03-Dec-2017 15:37:47.692 INFO [localhost-startStop-1] org.apache.catalina.startup.HostConfig.deployDirectory Deployment of web application directory [D:\ITMO\Гибкие методологии\mdt\apache-tomcat-8.5.23\webapps\host-manager] has finished in [111] ms
03-Dec-2017 15:37:47.693 INFO [localhost-startStop-1] org.apache.catalina.startup.HostConfig.deployDirectory Deploying web application directory [D:\ITMO\Гибкие методологии\mdt\apache-tomcat-8.5.23\webapps\manager]
03-Dec-2017 15:37:47.723 INFO [localhost-startStop-1] org.apache.catalina.startup.HostConfig.deployDirectory Deployment of web application directory [D:\ITMO\Гибкие методологии\mdt\apache-tomcat-8.5.23\webapps\manager] has finished in [31] ms
03-Dec-2017 15:37:47.724 INFO [localhost-startStop-1] org.apache.catalina.startup.HostConfig.deployDirectory Deploying web application directory [D:\ITMO\Гибкие методологии\mdt\apache-tomcat-8.5.23\webapps\ROOT]
03-Dec-2017 15:37:47.754 INFO [localhost-startStop-1] org.apache.catalina.startup.HostConfig.deployDirectory Deployment of web application directory [D:\ITMO\Гибкие методологии\mdt\apache-tomcat-8.5.23\webapps\ROOT] has finished in [30] ms
03-Dec-2017 15:37:47.758 INFO [main] org.apache.coyote.AbstractProtocol.start Starting ProtocolHandler ["http-nio-8080"]
03-Dec-2017 15:37:47.772 INFO [main] org.apache.coyote.AbstractProtocol.start Starting ProtocolHandler ["ajp-nio-8009"]
03-Dec-2017 15:37:47.777 INFO [main] org.apache.catalina.startup.Catalina.start Server startup in 14660 ms
